<?xml version="1.0" encoding="UTF-8"?>
<testsuite name="ie.cit.ThymeleafLoginSecurityApplicationTests" tests="1" skipped="0" failures="0" errors="0" timestamp="2015-12-18T17:03:07" hostname="Martins-Laptop" time="0.009">
  <properties/>
  <testcase name="contextLoads" classname="ie.cit.ThymeleafLoginSecurityApplicationTests" time="0.009"/>
  <system-out><![CDATA[17:02:55.238 [Test worker] DEBUG o.s.t.c.j.SpringJUnit4ClassRunner - SpringJUnit4ClassRunner constructor called with [class ie.cit.ThymeleafLoginSecurityApplicationTests]
17:02:55.243 [Test worker] DEBUG o.s.test.context.BootstrapUtils - Instantiating CacheAwareContextLoaderDelegate from class [org.springframework.test.context.cache.DefaultCacheAwareContextLoaderDelegate]
17:02:55.248 [Test worker] DEBUG o.s.test.context.BootstrapUtils - Instantiating BootstrapContext using constructor [public org.springframework.test.context.support.DefaultBootstrapContext(java.lang.Class,org.springframework.test.context.CacheAwareContextLoaderDelegate)]
17:02:55.257 [Test worker] DEBUG o.s.test.context.BootstrapUtils - Instantiating TestContextBootstrapper for test class [ie.cit.ThymeleafLoginSecurityApplicationTests] from class [org.springframework.test.context.web.WebTestContextBootstrapper]
17:02:55.275 [Test worker] DEBUG o.s.t.c.w.WebTestContextBootstrapper - Found explicit ContextLoader class [org.springframework.boot.test.SpringApplicationContextLoader] for context configuration attributes [ContextConfigurationAttributes@1649e672 declaringClass = 'ie.cit.ThymeleafLoginSecurityApplicationTests', classes = '{class ie.cit.ThymeleafLoginSecurityApplication}', locations = '{}', inheritLocations = true, initializers = '{}', inheritInitializers = true, name = [null], contextLoaderClass = 'org.springframework.boot.test.SpringApplicationContextLoader']
17:02:55.287 [Test worker] DEBUG o.s.t.c.s.AbstractContextLoader - Did not detect default resource location for test class [ie.cit.ThymeleafLoginSecurityApplicationTests]: class path resource [ie/cit/ThymeleafLoginSecurityApplicationTests-context.xml] does not exist
17:02:55.287 [Test worker] DEBUG o.s.t.c.s.AbstractContextLoader - Did not detect default resource location for test class [ie.cit.ThymeleafLoginSecurityApplicationTests]: class path resource [ie/cit/ThymeleafLoginSecurityApplicationTestsContext.groovy] does not exist
17:02:55.288 [Test worker] INFO  o.s.t.c.s.AbstractContextLoader - Could not detect default resource locations for test class [ie.cit.ThymeleafLoginSecurityApplicationTests]: no resource found for suffixes {-context.xml, Context.groovy}.
17:02:55.293 [Test worker] DEBUG o.s.t.c.support.ActiveProfilesUtils - Could not find an 'annotation declaring class' for annotation type [org.springframework.test.context.ActiveProfiles] and class [ie.cit.ThymeleafLoginSecurityApplicationTests]
17:02:55.300 [Test worker] DEBUG o.s.t.c.w.WebTestContextBootstrapper - @TestExecutionListeners is not present for class [ie.cit.ThymeleafLoginSecurityApplicationTests]: using defaults.
17:02:55.317 [Test worker] INFO  o.s.t.c.w.WebTestContextBootstrapper - Loaded default TestExecutionListener class names from location [META-INF/spring.factories]: [org.springframework.test.context.web.ServletTestExecutionListener, org.springframework.test.context.support.DirtiesContextBeforeModesTestExecutionListener, org.springframework.test.context.support.DependencyInjectionTestExecutionListener, org.springframework.test.context.support.DirtiesContextTestExecutionListener, org.springframework.test.context.transaction.TransactionalTestExecutionListener, org.springframework.test.context.jdbc.SqlScriptsTestExecutionListener]
17:02:55.349 [Test worker] INFO  o.s.t.c.w.WebTestContextBootstrapper - Using TestExecutionListeners: [org.springframework.test.context.web.ServletTestExecutionListener@7b3a97a4, org.springframework.test.context.support.DirtiesContextBeforeModesTestExecutionListener@6dc54bd6, org.springframework.test.context.support.DependencyInjectionTestExecutionListener@3948bfe8, org.springframework.test.context.support.DirtiesContextTestExecutionListener@21c92598, org.springframework.test.context.transaction.TransactionalTestExecutionListener@e6111b2, org.springframework.test.context.jdbc.SqlScriptsTestExecutionListener@49bd7053]
17:02:55.355 [Test worker] DEBUG o.s.t.annotation.ProfileValueUtils - Retrieved @ProfileValueSourceConfiguration [null] for test class [ie.cit.ThymeleafLoginSecurityApplicationTests]
17:02:55.356 [Test worker] DEBUG o.s.t.annotation.ProfileValueUtils - Retrieved ProfileValueSource type [class org.springframework.test.annotation.SystemProfileValueSource] for class [ie.cit.ThymeleafLoginSecurityApplicationTests]
17:02:55.357 [Test worker] DEBUG o.s.t.annotation.ProfileValueUtils - Retrieved @ProfileValueSourceConfiguration [null] for test class [ie.cit.ThymeleafLoginSecurityApplicationTests]
17:02:55.358 [Test worker] DEBUG o.s.t.annotation.ProfileValueUtils - Retrieved ProfileValueSource type [class org.springframework.test.annotation.SystemProfileValueSource] for class [ie.cit.ThymeleafLoginSecurityApplicationTests]
17:02:55.362 [Test worker] DEBUG o.s.t.c.s.AbstractDirtiesContextTestExecutionListener - Before test class: context [DefaultTestContext@3498f679 testClass = ThymeleafLoginSecurityApplicationTests, testInstance = [null], testMethod = [null], testException = [null], mergedContextConfiguration = [WebMergedContextConfiguration@4405e4e9 testClass = ThymeleafLoginSecurityApplicationTests, locations = '{}', classes = '{class ie.cit.ThymeleafLoginSecurityApplication}', contextInitializerClasses = '[]', activeProfiles = '{}', propertySourceLocations = '{}', propertySourceProperties = '{}', resourceBasePath = 'src/main/webapp', contextLoader = 'org.springframework.boot.test.SpringApplicationContextLoader', parent = [null]]], class annotated with @DirtiesContext [false] with mode [null].
17:02:55.364 [Test worker] DEBUG o.s.t.annotation.ProfileValueUtils - Retrieved @ProfileValueSourceConfiguration [null] for test class [ie.cit.ThymeleafLoginSecurityApplicationTests]
17:02:55.364 [Test worker] DEBUG o.s.t.annotation.ProfileValueUtils - Retrieved ProfileValueSource type [class org.springframework.test.annotation.SystemProfileValueSource] for class [ie.cit.ThymeleafLoginSecurityApplicationTests]
17:02:55.485 [Test worker] DEBUG o.s.core.env.StandardEnvironment - Adding [systemProperties] PropertySource with lowest search precedence
17:02:55.488 [Test worker] DEBUG o.s.core.env.StandardEnvironment - Adding [systemEnvironment] PropertySource with lowest search precedence
17:02:55.489 [Test worker] DEBUG o.s.core.env.StandardEnvironment - Initialized StandardEnvironment with PropertySources [systemProperties,systemEnvironment]
17:02:55.491 [Test worker] DEBUG o.s.core.env.StandardEnvironment - Adding [integrationTest] PropertySource with search precedence immediately lower than [systemEnvironment]

  .   ____          _            __ _ _
 /\\ / ___'_ __ _ _(_)_ __  __ _ \ \ \ \
( ( )\___ | '_ | '_| | '_ \/ _` | \ \ \ \
 \\/  ___)| |_)| | | | | || (_| |  ) ) ) )
  '  |____| .__|_| |_|_| |_\__, | / / / /
 =========|_|==============|___/=/_/_/_/
 :: Spring Boot ::  (v1.3.0.BUILD-SNAPSHOT)

2015-12-18 17:02:56.150  INFO 8284 --- [    Test worker] c.ThymeleafLoginSecurityApplicationTests : Starting ThymeleafLoginSecurityApplicationTests on Martins-Laptop with PID 8284 (started by martin in D:\College\Year 4\STS\ThymeleafLoginSecurity)
2015-12-18 17:02:56.151  INFO 8284 --- [    Test worker] c.ThymeleafLoginSecurityApplicationTests : No profiles are active
2015-12-18 17:02:56.950  INFO 8284 --- [    Test worker] o.s.w.c.s.GenericWebApplicationContext   : Refreshing org.springframework.web.context.support.GenericWebApplicationContext@4245930f: startup date [Fri Dec 18 17:02:56 GMT 2015]; root of context hierarchy
2015-12-18 17:02:59.026  INFO 8284 --- [    Test worker] o.s.b.f.s.DefaultListableBeanFactory     : Overriding bean definition for bean 'requestDataValueProcessor' with a different definition: replacing [Root bean: class [null]; scope=; abstract=false; lazyInit=false; autowireMode=3; dependencyCheck=0; autowireCandidate=true; primary=false; factoryBeanName=org.springframework.security.config.annotation.web.configuration.WebMvcSecurityConfiguration; factoryMethodName=requestDataValueProcessor; initMethodName=null; destroyMethodName=(inferred); defined in class path resource [org/springframework/security/config/annotation/web/configuration/WebMvcSecurityConfiguration.class]] with [Root bean: class [null]; scope=; abstract=false; lazyInit=false; autowireMode=3; dependencyCheck=0; autowireCandidate=true; primary=false; factoryBeanName=org.springframework.security.config.annotation.web.servlet.configuration.WebMvcSecurityConfiguration; factoryMethodName=requestDataValueProcessor; initMethodName=null; destroyMethodName=(inferred); defined in class path resource [org/springframework/security/config/annotation/web/servlet/configuration/WebMvcSecurityConfiguration.class]]
2015-12-18 17:03:00.444  INFO 8284 --- [    Test worker] trationDelegate$BeanPostProcessorChecker : Bean 'org.springframework.transaction.annotation.ProxyTransactionManagementConfiguration' of type [class org.springframework.transaction.annotation.ProxyTransactionManagementConfiguration$$EnhancerBySpringCGLIB$$97c29b14] is not eligible for getting processed by all BeanPostProcessors (for example: not eligible for auto-proxying)
2015-12-18 17:03:00.634  INFO 8284 --- [    Test worker] trationDelegate$BeanPostProcessorChecker : Bean 'org.springframework.security.config.annotation.configuration.ObjectPostProcessorConfiguration' of type [class org.springframework.security.config.annotation.configuration.ObjectPostProcessorConfiguration$$EnhancerBySpringCGLIB$$c0e3e40e] is not eligible for getting processed by all BeanPostProcessors (for example: not eligible for auto-proxying)
2015-12-18 17:03:00.662  INFO 8284 --- [    Test worker] trationDelegate$BeanPostProcessorChecker : Bean 'objectPostProcessor' of type [class org.springframework.security.config.annotation.configuration.AutowireBeanFactoryObjectPostProcessor] is not eligible for getting processed by all BeanPostProcessors (for example: not eligible for auto-proxying)
2015-12-18 17:03:00.669  INFO 8284 --- [    Test worker] trationDelegate$BeanPostProcessorChecker : Bean 'org.springframework.security.access.expression.method.DefaultMethodSecurityExpressionHandler@2ee45e6a' of type [class org.springframework.security.access.expression.method.DefaultMethodSecurityExpressionHandler] is not eligible for getting processed by all BeanPostProcessors (for example: not eligible for auto-proxying)
2015-12-18 17:03:00.695  INFO 8284 --- [    Test worker] trationDelegate$BeanPostProcessorChecker : Bean 'org.springframework.security.config.annotation.method.configuration.GlobalMethodSecurityConfiguration' of type [class org.springframework.security.config.annotation.method.configuration.GlobalMethodSecurityConfiguration$$EnhancerBySpringCGLIB$$73c21880] is not eligible for getting processed by all BeanPostProcessors (for example: not eligible for auto-proxying)
2015-12-18 17:03:00.746  INFO 8284 --- [    Test worker] trationDelegate$BeanPostProcessorChecker : Bean 'methodSecurityMetadataSource' of type [class org.springframework.security.access.method.DelegatingMethodSecurityMetadataSource] is not eligible for getting processed by all BeanPostProcessors (for example: not eligible for auto-proxying)
2015-12-18 17:03:01.515  INFO 8284 --- [    Test worker] j.LocalContainerEntityManagerFactoryBean : Building JPA container EntityManagerFactory for persistence unit 'default'
2015-12-18 17:03:01.556  INFO 8284 --- [    Test worker] o.hibernate.jpa.internal.util.LogHelper  : HHH000204: Processing PersistenceUnitInfo [
	name: default
	...]
2015-12-18 17:03:01.694  INFO 8284 --- [    Test worker] org.hibernate.Version                    : HHH000412: Hibernate Core {4.3.11.Final}
2015-12-18 17:03:01.696  INFO 8284 --- [    Test worker] org.hibernate.cfg.Environment            : HHH000206: hibernate.properties not found
2015-12-18 17:03:01.699  INFO 8284 --- [    Test worker] org.hibernate.cfg.Environment            : HHH000021: Bytecode provider name : javassist
2015-12-18 17:03:02.392  INFO 8284 --- [    Test worker] o.hibernate.annotations.common.Version   : HCANN000001: Hibernate Commons Annotations {4.0.5.Final}
2015-12-18 17:03:02.562  INFO 8284 --- [    Test worker] org.hibernate.dialect.Dialect            : HHH000400: Using dialect: org.hibernate.dialect.MySQL5Dialect
2015-12-18 17:03:02.799  INFO 8284 --- [    Test worker] o.h.h.i.ast.ASTQueryTranslatorFactory    : HHH000397: Using ASTQueryTranslatorFactory
2015-12-18 17:03:03.098  INFO 8284 --- [    Test worker] o.s.c.s.ClassPathXmlApplicationContext   : Refreshing org.springframework.context.support.ClassPathXmlApplicationContext@5d2330cc: startup date [Fri Dec 18 17:03:03 GMT 2015]; root of context hierarchy
2015-12-18 17:03:03.101  INFO 8284 --- [    Test worker] o.s.b.f.xml.XmlBeanDefinitionReader      : Loading XML bean definitions from class path resource [spring-config.xml]
2015-12-18 17:03:03.332  INFO 8284 --- [    Test worker] org.hibernate.dialect.Dialect            : HHH000400: Using dialect: org.hibernate.dialect.MySQLDialect
2015-12-18 17:03:03.345  INFO 8284 --- [    Test worker] o.h.e.t.i.TransactionFactoryInitiator    : HHH000399: Using default transaction strategy (direct JDBC transactions)
2015-12-18 17:03:03.345  INFO 8284 --- [    Test worker] o.h.h.i.ast.ASTQueryTranslatorFactory    : HHH000397: Using ASTQueryTranslatorFactory
2015-12-18 17:03:03.375  INFO 8284 --- [    Test worker] org.hibernate.tool.hbm2ddl.SchemaUpdate  : HHH000228: Running hbm2ddl schema update
2015-12-18 17:03:03.375  INFO 8284 --- [    Test worker] org.hibernate.tool.hbm2ddl.SchemaUpdate  : HHH000102: Fetching database metadata
2015-12-18 17:03:03.380  INFO 8284 --- [    Test worker] org.hibernate.tool.hbm2ddl.SchemaUpdate  : HHH000396: Updating schema
2015-12-18 17:03:03.421  INFO 8284 --- [    Test worker] o.hibernate.tool.hbm2ddl.TableMetadata   : HHH000261: Table found: adf.chobject
2015-12-18 17:03:03.421  INFO 8284 --- [    Test worker] o.hibernate.tool.hbm2ddl.TableMetadata   : HHH000037: Columns: [date, creditline, description, id, medium, title, object_id, gallery_text, likes]
2015-12-18 17:03:03.422  INFO 8284 --- [    Test worker] o.hibernate.tool.hbm2ddl.TableMetadata   : HHH000108: Foreign keys: []
2015-12-18 17:03:03.422  INFO 8284 --- [    Test worker] o.hibernate.tool.hbm2ddl.TableMetadata   : HHH000126: Indexes: [object_id, primary]
2015-12-18 17:03:03.446  INFO 8284 --- [    Test worker] o.hibernate.tool.hbm2ddl.TableMetadata   : HHH000261: Table found: adf.image
2015-12-18 17:03:03.446  INFO 8284 --- [    Test worker] o.hibernate.tool.hbm2ddl.TableMetadata   : HHH000037: Columns: [is_primary, width, id, key_val, image_id, keyval, object_id, url, height]
2015-12-18 17:03:03.446  INFO 8284 --- [    Test worker] o.hibernate.tool.hbm2ddl.TableMetadata   : HHH000108: Foreign keys: []
2015-12-18 17:03:03.446  INFO 8284 --- [    Test worker] o.hibernate.tool.hbm2ddl.TableMetadata   : HHH000126: Indexes: [image, primary]
2015-12-18 17:03:03.447  INFO 8284 --- [    Test worker] org.hibernate.tool.hbm2ddl.SchemaUpdate  : HHH000232: Schema update complete
2015-12-18 17:03:04.528  INFO 8284 --- [    Test worker] o.s.c.s.ClassPathXmlApplicationContext   : Refreshing org.springframework.context.support.ClassPathXmlApplicationContext@175a7c01: startup date [Fri Dec 18 17:03:04 GMT 2015]; root of context hierarchy
2015-12-18 17:03:04.530  INFO 8284 --- [    Test worker] o.s.b.f.xml.XmlBeanDefinitionReader      : Loading XML bean definitions from class path resource [spring-config.xml]
2015-12-18 17:03:04.693  INFO 8284 --- [    Test worker] org.hibernate.dialect.Dialect            : HHH000400: Using dialect: org.hibernate.dialect.MySQLDialect
2015-12-18 17:03:04.720  INFO 8284 --- [    Test worker] o.h.e.t.i.TransactionFactoryInitiator    : HHH000399: Using default transaction strategy (direct JDBC transactions)
2015-12-18 17:03:04.721  INFO 8284 --- [    Test worker] o.h.h.i.ast.ASTQueryTranslatorFactory    : HHH000397: Using ASTQueryTranslatorFactory
2015-12-18 17:03:04.780  INFO 8284 --- [    Test worker] org.hibernate.tool.hbm2ddl.SchemaUpdate  : HHH000228: Running hbm2ddl schema update
2015-12-18 17:03:04.781  INFO 8284 --- [    Test worker] org.hibernate.tool.hbm2ddl.SchemaUpdate  : HHH000102: Fetching database metadata
2015-12-18 17:03:04.782  INFO 8284 --- [    Test worker] org.hibernate.tool.hbm2ddl.SchemaUpdate  : HHH000396: Updating schema
2015-12-18 17:03:04.795  INFO 8284 --- [    Test worker] o.hibernate.tool.hbm2ddl.TableMetadata   : HHH000261: Table found: adf.chobject
2015-12-18 17:03:04.796  INFO 8284 --- [    Test worker] o.hibernate.tool.hbm2ddl.TableMetadata   : HHH000037: Columns: [date, creditline, description, id, medium, title, object_id, gallery_text, likes]
2015-12-18 17:03:04.796  INFO 8284 --- [    Test worker] o.hibernate.tool.hbm2ddl.TableMetadata   : HHH000108: Foreign keys: []
2015-12-18 17:03:04.796  INFO 8284 --- [    Test worker] o.hibernate.tool.hbm2ddl.TableMetadata   : HHH000126: Indexes: [object_id, primary]
2015-12-18 17:03:04.812  INFO 8284 --- [    Test worker] o.hibernate.tool.hbm2ddl.TableMetadata   : HHH000261: Table found: adf.image
2015-12-18 17:03:04.813  INFO 8284 --- [    Test worker] o.hibernate.tool.hbm2ddl.TableMetadata   : HHH000037: Columns: [is_primary, width, id, key_val, image_id, keyval, object_id, url, height]
2015-12-18 17:03:04.813  INFO 8284 --- [    Test worker] o.hibernate.tool.hbm2ddl.TableMetadata   : HHH000108: Foreign keys: []
2015-12-18 17:03:04.814  INFO 8284 --- [    Test worker] o.hibernate.tool.hbm2ddl.TableMetadata   : HHH000126: Indexes: [image, primary]
2015-12-18 17:03:04.815  INFO 8284 --- [    Test worker] org.hibernate.tool.hbm2ddl.SchemaUpdate  : HHH000232: Schema update complete
2015-12-18 17:03:04.838  INFO 8284 --- [    Test worker] o.s.c.s.ClassPathXmlApplicationContext   : Refreshing org.springframework.context.support.ClassPathXmlApplicationContext@669d0509: startup date [Fri Dec 18 17:03:04 GMT 2015]; root of context hierarchy
2015-12-18 17:03:04.838  INFO 8284 --- [    Test worker] o.s.b.f.xml.XmlBeanDefinitionReader      : Loading XML bean definitions from class path resource [spring-config.xml]
2015-12-18 17:03:04.884  INFO 8284 --- [    Test worker] org.hibernate.dialect.Dialect            : HHH000400: Using dialect: org.hibernate.dialect.MySQLDialect
2015-12-18 17:03:04.890  INFO 8284 --- [    Test worker] o.h.e.t.i.TransactionFactoryInitiator    : HHH000399: Using default transaction strategy (direct JDBC transactions)
2015-12-18 17:03:04.890  INFO 8284 --- [    Test worker] o.h.h.i.ast.ASTQueryTranslatorFactory    : HHH000397: Using ASTQueryTranslatorFactory
2015-12-18 17:03:04.903  INFO 8284 --- [    Test worker] org.hibernate.tool.hbm2ddl.SchemaUpdate  : HHH000228: Running hbm2ddl schema update
2015-12-18 17:03:04.903  INFO 8284 --- [    Test worker] org.hibernate.tool.hbm2ddl.SchemaUpdate  : HHH000102: Fetching database metadata
2015-12-18 17:03:04.903  INFO 8284 --- [    Test worker] org.hibernate.tool.hbm2ddl.SchemaUpdate  : HHH000396: Updating schema
2015-12-18 17:03:04.911  INFO 8284 --- [    Test worker] o.hibernate.tool.hbm2ddl.TableMetadata   : HHH000261: Table found: adf.chobject
2015-12-18 17:03:04.911  INFO 8284 --- [    Test worker] o.hibernate.tool.hbm2ddl.TableMetadata   : HHH000037: Columns: [date, creditline, description, id, medium, title, object_id, gallery_text, likes]
2015-12-18 17:03:04.911  INFO 8284 --- [    Test worker] o.hibernate.tool.hbm2ddl.TableMetadata   : HHH000108: Foreign keys: []
2015-12-18 17:03:04.911  INFO 8284 --- [    Test worker] o.hibernate.tool.hbm2ddl.TableMetadata   : HHH000126: Indexes: [object_id, primary]
2015-12-18 17:03:04.918  INFO 8284 --- [    Test worker] o.hibernate.tool.hbm2ddl.TableMetadata   : HHH000261: Table found: adf.image
2015-12-18 17:03:04.918  INFO 8284 --- [    Test worker] o.hibernate.tool.hbm2ddl.TableMetadata   : HHH000037: Columns: [is_primary, width, id, key_val, image_id, keyval, object_id, url, height]
2015-12-18 17:03:04.919  INFO 8284 --- [    Test worker] o.hibernate.tool.hbm2ddl.TableMetadata   : HHH000108: Foreign keys: []
2015-12-18 17:03:04.919  INFO 8284 --- [    Test worker] o.hibernate.tool.hbm2ddl.TableMetadata   : HHH000126: Indexes: [image, primary]
2015-12-18 17:03:04.919  INFO 8284 --- [    Test worker] org.hibernate.tool.hbm2ddl.SchemaUpdate  : HHH000232: Schema update complete
2015-12-18 17:03:05.232  INFO 8284 --- [    Test worker] s.w.s.m.m.a.RequestMappingHandlerMapping : Mapped "{[/],methods=[GET]}" onto public java.lang.String ie.cit.controller.MainController.index()
2015-12-18 17:03:05.234  INFO 8284 --- [    Test worker] s.w.s.m.m.a.RequestMappingHandlerMapping : Mapped "{[/login],methods=[GET]}" onto public java.lang.String ie.cit.controller.MainController.login()
2015-12-18 17:03:05.234  INFO 8284 --- [    Test worker] s.w.s.m.m.a.RequestMappingHandlerMapping : Mapped "{[/home],methods=[GET]}" onto public java.lang.String ie.cit.controller.MainController.showObject(org.springframework.ui.Model)
2015-12-18 17:03:05.234  INFO 8284 --- [    Test worker] s.w.s.m.m.a.RequestMappingHandlerMapping : Mapped "{[/gallery],methods=[GET]}" onto public java.lang.String ie.cit.controller.MainController.showObjects(org.springframework.ui.Model)
2015-12-18 17:03:05.236  INFO 8284 --- [    Test worker] s.w.s.m.m.a.RequestMappingHandlerMapping : Mapped "{[/object/{id}/comment],methods=[POST]}" onto public java.lang.String ie.cit.controller.ObjectController.processComments(org.springframework.ui.Model,long,ie.cit.domain.Comment)
2015-12-18 17:03:05.236  INFO 8284 --- [    Test worker] s.w.s.m.m.a.RequestMappingHandlerMapping : Mapped "{[/object/{id}/like],methods=[GET]}" onto public java.lang.String ie.cit.controller.ObjectController.like(org.springframework.ui.Model,java.lang.Integer)
2015-12-18 17:03:05.237  INFO 8284 --- [    Test worker] s.w.s.m.m.a.RequestMappingHandlerMapping : Mapped "{[/object/{id}],methods=[GET]}" onto public java.lang.String ie.cit.controller.ObjectController.findByID(org.springframework.ui.Model,long)
2015-12-18 17:03:05.237  INFO 8284 --- [    Test worker] s.w.s.m.m.a.RequestMappingHandlerMapping : Mapped "{[/registration],methods=[POST]}" onto public java.lang.String ie.cit.controller.RegistrationController.registrationSubmit(org.springframework.ui.Model,ie.cit.domain.UserDet)
2015-12-18 17:03:05.238  INFO 8284 --- [    Test worker] s.w.s.m.m.a.RequestMappingHandlerMapping : Mapped "{[/registration],methods=[GET]}" onto public java.lang.String ie.cit.controller.RegistrationController.registrationForm(org.springframework.ui.Model)
2015-12-18 17:03:05.238  INFO 8284 --- [    Test worker] s.w.s.m.m.a.RequestMappingHandlerMapping : Mapped "{[/user],methods=[GET]}" onto public java.lang.String ie.cit.controller.UserController.registrationForm(org.springframework.ui.Model)
2015-12-18 17:03:05.247  INFO 8284 --- [    Test worker] s.w.s.m.m.a.RequestMappingHandlerMapping : Mapped "{[/error]}" onto public org.springframework.http.ResponseEntity<java.util.Map<java.lang.String, java.lang.Object>> org.springframework.boot.autoconfigure.web.BasicErrorController.error(javax.servlet.http.HttpServletRequest)
2015-12-18 17:03:05.248  INFO 8284 --- [    Test worker] s.w.s.m.m.a.RequestMappingHandlerMapping : Mapped "{[/error],produces=[text/html]}" onto public org.springframework.web.servlet.ModelAndView org.springframework.boot.autoconfigure.web.BasicErrorController.errorHtml(javax.servlet.http.HttpServletRequest)
2015-12-18 17:03:05.415  INFO 8284 --- [    Test worker] s.w.s.m.m.a.RequestMappingHandlerAdapter : Looking for @ControllerAdvice: org.springframework.web.context.support.GenericWebApplicationContext@4245930f: startup date [Fri Dec 18 17:02:56 GMT 2015]; root of context hierarchy
2015-12-18 17:03:05.867  INFO 8284 --- [    Test worker] o.s.s.web.DefaultSecurityFilterChain     : Creating filter chain: org.springframework.security.web.util.matcher.AnyRequestMatcher@1, [org.springframework.security.web.context.request.async.WebAsyncManagerIntegrationFilter@5f6a8ba0, org.springframework.security.web.context.SecurityContextPersistenceFilter@51f0127b, org.springframework.security.web.header.HeaderWriterFilter@2671a7a5, org.springframework.security.web.csrf.CsrfFilter@19817d45, org.springframework.security.web.authentication.logout.LogoutFilter@58b358f9, org.springframework.security.web.authentication.UsernamePasswordAuthenticationFilter@7077322f, org.springframework.security.web.savedrequest.RequestCacheAwareFilter@14f7f6ac, org.springframework.security.web.servletapi.SecurityContextHolderAwareRequestFilter@38c20900, org.springframework.security.web.authentication.AnonymousAuthenticationFilter@2df9b26c, org.springframework.security.web.session.SessionManagementFilter@21863b93, org.springframework.security.web.access.ExceptionTranslationFilter@2fe3b60f, org.springframework.security.web.access.intercept.FilterSecurityInterceptor@6a1cebca]
in add user
[UserDet [id=5673faa874cf3d0b18c0666f, username=martin, password=pw, role=USER, points=25, badges=[http://mymoneymychoices.com/wp-content/uploads/2013/10/badge_1.png, http://mymoneymychoices.com/wp-content/uploads/2013/10/badge_2.png]], UserDet [id=567432c274cfcb8885afcca6, username=anthony, password=pw, role=USER, points=0, badges=[]], UserDet [id=567432cc74cfcb8885afcca7, username=edmond, password=pw, role=USER, points=0, badges=[]], UserDet [id=567432d374cfcb8885afcca8, username=rob, password=pw, role=USER, points=0, badges=[]]]
2015-12-18 17:03:07.525  INFO 8284 --- [    Test worker] c.ThymeleafLoginSecurityApplicationTests : Started ThymeleafLoginSecurityApplicationTests in 12.018 seconds (JVM running for 12.993)
]]></system-out>
  <system-err><![CDATA[]]></system-err>
</testsuite>
